CRITICAL - 2022-01-21 22:05:33 --> Call to undefined method CodeIgniter\HTTP\IncomingRequest::get()
#0 /home/ronald/myapp-ci4/vendor/codeigniter4/framework/system/CodeIgniter.php(824): App\Controllers\Pages->index()
#1 /home/ronald/myapp-ci4/vendor/codeigniter4/framework/system/CodeIgniter.php(410): CodeIgniter\CodeIgniter->runController()
#2 /home/ronald/myapp-ci4/vendor/codeigniter4/framework/system/CodeIgniter.php(318): CodeIgniter\CodeIgniter->handleRequest()
#3 /home/ronald/myapp-ci4/public/index.php(37): CodeIgniter\CodeIgniter->run()
#4 /home/ronald/myapp-ci4/vendor/codeigniter4/framework/system/Commands/Server/rewrite.php(43): require_once('/home/ronald/my...')
#5 {main}
CRITICAL - 2022-01-21 22:05:51 --> Call to undefined method CodeIgniter\HTTP\IncomingRequest::get_instance()
#0 /home/ronald/myapp-ci4/vendor/codeigniter4/framework/system/CodeIgniter.php(824): App\Controllers\Pages->index()
#1 /home/ronald/myapp-ci4/vendor/codeigniter4/framework/system/CodeIgniter.php(410): CodeIgniter\CodeIgniter->runController()
#2 /home/ronald/myapp-ci4/vendor/codeigniter4/framework/system/CodeIgniter.php(318): CodeIgniter\CodeIgniter->handleRequest()
#3 /home/ronald/myapp-ci4/public/index.php(37): CodeIgniter\CodeIgniter->run()
#4 /home/ronald/myapp-ci4/vendor/codeigniter4/framework/system/Commands/Server/rewrite.php(43): require_once('/home/ronald/my...')
#5 {main}
CRITICAL - 2022-01-21 22:51:30 --> Call to a member function userdata() on null
#0 /home/ronald/myapp-ci4/vendor/codeigniter4/framework/system/View/View.php(214): include()
#1 /home/ronald/myapp-ci4/vendor/codeigniter4/framework/system/View/View.php(217): CodeIgniter\View\View->CodeIgniter\View\{closure}()
#2 /home/ronald/myapp-ci4/vendor/codeigniter4/framework/system/Common.php(1097): CodeIgniter\View\View->render()
#3 /home/ronald/myapp-ci4/app/Controllers/Home.php(15): view()
#4 /home/ronald/myapp-ci4/vendor/codeigniter4/framework/system/CodeIgniter.php(824): App\Controllers\Home->holaMundo()
#5 /home/ronald/myapp-ci4/vendor/codeigniter4/framework/system/CodeIgniter.php(410): CodeIgniter\CodeIgniter->runController()
#6 /home/ronald/myapp-ci4/vendor/codeigniter4/framework/system/CodeIgniter.php(318): CodeIgniter\CodeIgniter->handleRequest()
#7 /home/ronald/myapp-ci4/public/index.php(37): CodeIgniter\CodeIgniter->run()
#8 /home/ronald/myapp-ci4/vendor/codeigniter4/framework/system/Commands/Server/rewrite.php(43): require_once('/home/ronald/my...')
#9 {main}
CRITICAL - 2022-01-21 22:51:32 --> Call to a member function userdata() on null
#0 /home/ronald/myapp-ci4/vendor/codeigniter4/framework/system/View/View.php(214): include()
#1 /home/ronald/myapp-ci4/vendor/codeigniter4/framework/system/View/View.php(217): CodeIgniter\View\View->CodeIgniter\View\{closure}()
#2 /home/ronald/myapp-ci4/vendor/codeigniter4/framework/system/Common.php(1097): CodeIgniter\View\View->render()
#3 /home/ronald/myapp-ci4/app/Controllers/Home.php(15): view()
#4 /home/ronald/myapp-ci4/vendor/codeigniter4/framework/system/CodeIgniter.php(824): App\Controllers\Home->holaMundo()
#5 /home/ronald/myapp-ci4/vendor/codeigniter4/framework/system/CodeIgniter.php(410): CodeIgniter\CodeIgniter->runController()
#6 /home/ronald/myapp-ci4/vendor/codeigniter4/framework/system/CodeIgniter.php(318): CodeIgniter\CodeIgniter->handleRequest()
#7 /home/ronald/myapp-ci4/public/index.php(37): CodeIgniter\CodeIgniter->run()
#8 /home/ronald/myapp-ci4/vendor/codeigniter4/framework/system/Commands/Server/rewrite.php(43): require_once('/home/ronald/my...')
#9 {main}
CRITICAL - 2022-01-21 22:54:12 --> Call to undefined function App\Controllers\base_path()
#0 /home/ronald/myapp-ci4/vendor/codeigniter4/framework/system/CodeIgniter.php(824): App\Controllers\Test->index()
#1 /home/ronald/myapp-ci4/vendor/codeigniter4/framework/system/CodeIgniter.php(410): CodeIgniter\CodeIgniter->runController()
#2 /home/ronald/myapp-ci4/vendor/codeigniter4/framework/system/CodeIgniter.php(318): CodeIgniter\CodeIgniter->handleRequest()
#3 /home/ronald/myapp-ci4/public/index.php(37): CodeIgniter\CodeIgniter->run()
#4 /home/ronald/myapp-ci4/vendor/codeigniter4/framework/system/Commands/Server/rewrite.php(43): require_once('/home/ronald/my...')
#5 {main}
CRITICAL - 2022-01-21 22:54:15 --> Call to undefined function App\Controllers\base_path()
#0 /home/ronald/myapp-ci4/vendor/codeigniter4/framework/system/CodeIgniter.php(824): App\Controllers\Test->index()
#1 /home/ronald/myapp-ci4/vendor/codeigniter4/framework/system/CodeIgniter.php(410): CodeIgniter\CodeIgniter->runController()
#2 /home/ronald/myapp-ci4/vendor/codeigniter4/framework/system/CodeIgniter.php(318): CodeIgniter\CodeIgniter->handleRequest()
#3 /home/ronald/myapp-ci4/public/index.php(37): CodeIgniter\CodeIgniter->run()
#4 /home/ronald/myapp-ci4/vendor/codeigniter4/framework/system/Commands/Server/rewrite.php(43): require_once('/home/ronald/my...')
#5 {main}
CRITICAL - 2022-01-21 22:54:23 --> Call to undefined function App\Controllers\base_path()
#0 /home/ronald/myapp-ci4/vendor/codeigniter4/framework/system/CodeIgniter.php(824): App\Controllers\Test->index()
#1 /home/ronald/myapp-ci4/vendor/codeigniter4/framework/system/CodeIgniter.php(410): CodeIgniter\CodeIgniter->runController()
#2 /home/ronald/myapp-ci4/vendor/codeigniter4/framework/system/CodeIgniter.php(318): CodeIgniter\CodeIgniter->handleRequest()
#3 /home/ronald/myapp-ci4/public/index.php(37): CodeIgniter\CodeIgniter->run()
#4 /home/ronald/myapp-ci4/vendor/codeigniter4/framework/system/Commands/Server/rewrite.php(43): require_once('/home/ronald/my...')
#5 {main}
CRITICAL - 2022-01-21 22:56:09 --> Call to a member function userdata() on null
#0 /home/ronald/myapp-ci4/vendor/codeigniter4/framework/system/View/View.php(214): include()
#1 /home/ronald/myapp-ci4/vendor/codeigniter4/framework/system/View/View.php(217): CodeIgniter\View\View->CodeIgniter\View\{closure}()
#2 /home/ronald/myapp-ci4/vendor/codeigniter4/framework/system/Common.php(1097): CodeIgniter\View\View->render()
#3 /home/ronald/myapp-ci4/app/Controllers/Home.php(15): view()
#4 /home/ronald/myapp-ci4/vendor/codeigniter4/framework/system/CodeIgniter.php(824): App\Controllers\Home->holaMundo()
#5 /home/ronald/myapp-ci4/vendor/codeigniter4/framework/system/CodeIgniter.php(410): CodeIgniter\CodeIgniter->runController()
#6 /home/ronald/myapp-ci4/vendor/codeigniter4/framework/system/CodeIgniter.php(318): CodeIgniter\CodeIgniter->handleRequest()
#7 /home/ronald/myapp-ci4/public/index.php(37): CodeIgniter\CodeIgniter->run()
#8 /home/ronald/myapp-ci4/vendor/codeigniter4/framework/system/Commands/Server/rewrite.php(43): require_once('/home/ronald/my...')
#9 {main}
CRITICAL - 2022-01-21 22:56:29 --> Undefined property: CodeIgniter\View\View::$session
#0 /home/ronald/myapp-ci4/app/Views/index.php(349): CodeIgniter\Debug\Exceptions->errorHandler()
#1 /home/ronald/myapp-ci4/vendor/codeigniter4/framework/system/View/View.php(214): include('/home/ronald/my...')
#2 /home/ronald/myapp-ci4/vendor/codeigniter4/framework/system/View/View.php(217): CodeIgniter\View\View->CodeIgniter\View\{closure}()
#3 /home/ronald/myapp-ci4/vendor/codeigniter4/framework/system/Common.php(1097): CodeIgniter\View\View->render()
#4 /home/ronald/myapp-ci4/app/Controllers/Home.php(15): view()
#5 /home/ronald/myapp-ci4/vendor/codeigniter4/framework/system/CodeIgniter.php(824): App\Controllers\Home->holaMundo()
#6 /home/ronald/myapp-ci4/vendor/codeigniter4/framework/system/CodeIgniter.php(410): CodeIgniter\CodeIgniter->runController()
#7 /home/ronald/myapp-ci4/vendor/codeigniter4/framework/system/CodeIgniter.php(318): CodeIgniter\CodeIgniter->handleRequest()
#8 /home/ronald/myapp-ci4/public/index.php(37): CodeIgniter\CodeIgniter->run()
#9 /home/ronald/myapp-ci4/vendor/codeigniter4/framework/system/Commands/Server/rewrite.php(43): require_once('/home/ronald/my...')
#10 {main}
CRITICAL - 2022-01-21 22:58:25 --> Undefined property: CodeIgniter\View\View::$session
#0 /home/ronald/myapp-ci4/app/Views/index.php(349): CodeIgniter\Debug\Exceptions->errorHandler()
#1 /home/ronald/myapp-ci4/vendor/codeigniter4/framework/system/View/View.php(214): include('/home/ronald/my...')
#2 /home/ronald/myapp-ci4/vendor/codeigniter4/framework/system/View/View.php(217): CodeIgniter\View\View->CodeIgniter\View\{closure}()
#3 /home/ronald/myapp-ci4/vendor/codeigniter4/framework/system/Common.php(1097): CodeIgniter\View\View->render()
#4 /home/ronald/myapp-ci4/app/Controllers/Home.php(15): view()
#5 /home/ronald/myapp-ci4/vendor/codeigniter4/framework/system/CodeIgniter.php(824): App\Controllers\Home->holaMundo()
#6 /home/ronald/myapp-ci4/vendor/codeigniter4/framework/system/CodeIgniter.php(410): CodeIgniter\CodeIgniter->runController()
#7 /home/ronald/myapp-ci4/vendor/codeigniter4/framework/system/CodeIgniter.php(318): CodeIgniter\CodeIgniter->handleRequest()
#8 /home/ronald/myapp-ci4/public/index.php(37): CodeIgniter\CodeIgniter->run()
#9 /home/ronald/myapp-ci4/vendor/codeigniter4/framework/system/Commands/Server/rewrite.php(43): require_once('/home/ronald/my...')
#10 {main}
CRITICAL - 2022-01-21 23:18:01 --> Class 'App\Models\BaseController' not found
#0 /home/ronald/myapp-ci4/vendor/codeigniter4/framework/system/Router/Router.php(519): include_once()
#1 /home/ronald/myapp-ci4/vendor/codeigniter4/framework/system/Router/Router.php(176): CodeIgniter\Router\Router->autoRoute()
#2 /home/ronald/myapp-ci4/vendor/codeigniter4/framework/system/CodeIgniter.php(718): CodeIgniter\Router\Router->handle()
#3 /home/ronald/myapp-ci4/vendor/codeigniter4/framework/system/CodeIgniter.php(359): CodeIgniter\CodeIgniter->tryToRouteIt()
#4 /home/ronald/myapp-ci4/vendor/codeigniter4/framework/system/CodeIgniter.php(318): CodeIgniter\CodeIgniter->handleRequest()
#5 /home/ronald/myapp-ci4/public/index.php(37): CodeIgniter\CodeIgniter->run()
#6 /home/ronald/myapp-ci4/vendor/codeigniter4/framework/system/Commands/Server/rewrite.php(43): require_once('/home/ronald/my...')
#7 {main}
CRITICAL - 2022-01-21 23:18:16 --> Cannot call constructor
#0 /home/ronald/myapp-ci4/vendor/codeigniter4/framework/system/CodeIgniter.php(824): App\Controllers\Auth->index()
#1 /home/ronald/myapp-ci4/vendor/codeigniter4/framework/system/CodeIgniter.php(410): CodeIgniter\CodeIgniter->runController()
#2 /home/ronald/myapp-ci4/vendor/codeigniter4/framework/system/CodeIgniter.php(318): CodeIgniter\CodeIgniter->handleRequest()
#3 /home/ronald/myapp-ci4/public/index.php(37): CodeIgniter\CodeIgniter->run()
#4 /home/ronald/myapp-ci4/vendor/codeigniter4/framework/system/Commands/Server/rewrite.php(43): require_once('/home/ronald/my...')
#5 {main}
CRITICAL - 2022-01-21 23:18:42 --> Class 'App\Controllers\Controller' not found
#0 /home/ronald/myapp-ci4/vendor/codeigniter4/framework/system/Router/Router.php(519): include_once()
#1 /home/ronald/myapp-ci4/vendor/codeigniter4/framework/system/Router/Router.php(176): CodeIgniter\Router\Router->autoRoute()
#2 /home/ronald/myapp-ci4/vendor/codeigniter4/framework/system/CodeIgniter.php(718): CodeIgniter\Router\Router->handle()
#3 /home/ronald/myapp-ci4/vendor/codeigniter4/framework/system/CodeIgniter.php(359): CodeIgniter\CodeIgniter->tryToRouteIt()
#4 /home/ronald/myapp-ci4/vendor/codeigniter4/framework/system/CodeIgniter.php(318): CodeIgniter\CodeIgniter->handleRequest()
#5 /home/ronald/myapp-ci4/public/index.php(37): CodeIgniter\CodeIgniter->run()
#6 /home/ronald/myapp-ci4/vendor/codeigniter4/framework/system/Commands/Server/rewrite.php(43): require_once('/home/ronald/my...')
#7 {main}
CRITICAL - 2022-01-21 23:19:08 --> Cannot call constructor
#0 /home/ronald/myapp-ci4/vendor/codeigniter4/framework/system/CodeIgniter.php(824): App\Controllers\Auth->index()
#1 /home/ronald/myapp-ci4/vendor/codeigniter4/framework/system/CodeIgniter.php(410): CodeIgniter\CodeIgniter->runController()
#2 /home/ronald/myapp-ci4/vendor/codeigniter4/framework/system/CodeIgniter.php(318): CodeIgniter\CodeIgniter->handleRequest()
#3 /home/ronald/myapp-ci4/public/index.php(37): CodeIgniter\CodeIgniter->run()
#4 /home/ronald/myapp-ci4/vendor/codeigniter4/framework/system/Commands/Server/rewrite.php(43): require_once('/home/ronald/my...')
#5 {main}
CRITICAL - 2022-01-21 23:22:40 --> Cannot call constructor
#0 /home/ronald/myapp-ci4/vendor/codeigniter4/framework/system/CodeIgniter.php(801): App\Controllers\Auth->__construct()
#1 /home/ronald/myapp-ci4/vendor/codeigniter4/framework/system/CodeIgniter.php(401): CodeIgniter\CodeIgniter->createController()
#2 /home/ronald/myapp-ci4/vendor/codeigniter4/framework/system/CodeIgniter.php(318): CodeIgniter\CodeIgniter->handleRequest()
#3 /home/ronald/myapp-ci4/public/index.php(37): CodeIgniter\CodeIgniter->run()
#4 /home/ronald/myapp-ci4/vendor/codeigniter4/framework/system/Commands/Server/rewrite.php(43): require_once('/home/ronald/my...')
#5 {main}
CRITICAL - 2022-01-21 23:28:12 --> Undefined property: App\Controllers\Auth::$load
#0 /home/ronald/myapp-ci4/app/Controllers/Auth.php(12): CodeIgniter\Debug\Exceptions->errorHandler()
#1 /home/ronald/myapp-ci4/vendor/codeigniter4/framework/system/CodeIgniter.php(824): App\Controllers\Auth->index()
#2 /home/ronald/myapp-ci4/vendor/codeigniter4/framework/system/CodeIgniter.php(410): CodeIgniter\CodeIgniter->runController()
#3 /home/ronald/myapp-ci4/vendor/codeigniter4/framework/system/CodeIgniter.php(318): CodeIgniter\CodeIgniter->handleRequest()
#4 /home/ronald/myapp-ci4/public/index.php(37): CodeIgniter\CodeIgniter->run()
#5 /home/ronald/myapp-ci4/vendor/codeigniter4/framework/system/Commands/Server/rewrite.php(43): require_once('/home/ronald/my...')
#6 {main}
CRITICAL - 2022-01-21 23:28:47 --> Undefined property: CodeIgniter\View\View::$security
#0 /home/ronald/myapp-ci4/app/Views/admin/login.php(74): CodeIgniter\Debug\Exceptions->errorHandler()
#1 /home/ronald/myapp-ci4/vendor/codeigniter4/framework/system/View/View.php(214): include('/home/ronald/my...')
#2 /home/ronald/myapp-ci4/vendor/codeigniter4/framework/system/View/View.php(217): CodeIgniter\View\View->CodeIgniter\View\{closure}()
#3 /home/ronald/myapp-ci4/vendor/codeigniter4/framework/system/Common.php(1097): CodeIgniter\View\View->render()
#4 /home/ronald/myapp-ci4/app/Controllers/Auth.php(12): view()
#5 /home/ronald/myapp-ci4/vendor/codeigniter4/framework/system/CodeIgniter.php(824): App\Controllers\Auth->index()
#6 /home/ronald/myapp-ci4/vendor/codeigniter4/framework/system/CodeIgniter.php(410): CodeIgniter\CodeIgniter->runController()
#7 /home/ronald/myapp-ci4/vendor/codeigniter4/framework/system/CodeIgniter.php(318): CodeIgniter\CodeIgniter->handleRequest()
#8 /home/ronald/myapp-ci4/public/index.php(37): CodeIgniter\CodeIgniter->run()
#9 /home/ronald/myapp-ci4/vendor/codeigniter4/framework/system/Commands/Server/rewrite.php(43): require_once('/home/ronald/my...')
#10 {main}
CRITICAL - 2022-01-21 23:32:00 --> Undefined property: CodeIgniter\View\View::$security
#0 /home/ronald/myapp-ci4/app/Views/admin/login.php(74): CodeIgniter\Debug\Exceptions->errorHandler()
#1 /home/ronald/myapp-ci4/vendor/codeigniter4/framework/system/View/View.php(214): include('/home/ronald/my...')
#2 /home/ronald/myapp-ci4/vendor/codeigniter4/framework/system/View/View.php(217): CodeIgniter\View\View->CodeIgniter\View\{closure}()
#3 /home/ronald/myapp-ci4/vendor/codeigniter4/framework/system/Common.php(1097): CodeIgniter\View\View->render()
#4 /home/ronald/myapp-ci4/app/Controllers/Auth.php(12): view()
#5 /home/ronald/myapp-ci4/vendor/codeigniter4/framework/system/CodeIgniter.php(824): App\Controllers\Auth->index()
#6 /home/ronald/myapp-ci4/vendor/codeigniter4/framework/system/CodeIgniter.php(410): CodeIgniter\CodeIgniter->runController()
#7 /home/ronald/myapp-ci4/vendor/codeigniter4/framework/system/CodeIgniter.php(318): CodeIgniter\CodeIgniter->handleRequest()
#8 /home/ronald/myapp-ci4/public/index.php(37): CodeIgniter\CodeIgniter->run()
#9 /home/ronald/myapp-ci4/vendor/codeigniter4/framework/system/Commands/Server/rewrite.php(43): require_once('/home/ronald/my...')
#10 {main}
CRITICAL - 2022-01-21 23:51:01 --> Invalid file: index.php
#0 /home/ronald/myapp-ci4/vendor/codeigniter4/framework/system/View/View.php(198): CodeIgniter\Exceptions\FrameworkException::forInvalidFile()
#1 /home/ronald/myapp-ci4/vendor/codeigniter4/framework/system/Common.php(1097): CodeIgniter\View\View->render()
#2 /home/ronald/myapp-ci4/app/Controllers/Home.php(15): view()
#3 /home/ronald/myapp-ci4/vendor/codeigniter4/framework/system/CodeIgniter.php(824): App\Controllers\Home->holaMundo()
#4 /home/ronald/myapp-ci4/vendor/codeigniter4/framework/system/CodeIgniter.php(410): CodeIgniter\CodeIgniter->runController()
#5 /home/ronald/myapp-ci4/vendor/codeigniter4/framework/system/CodeIgniter.php(318): CodeIgniter\CodeIgniter->handleRequest()
#6 /home/ronald/myapp-ci4/public/index.php(37): CodeIgniter\CodeIgniter->run()
#7 /home/ronald/myapp-ci4/vendor/codeigniter4/framework/system/Commands/Server/rewrite.php(43): require_once('/home/ronald/my...')
#8 {main}
